<?xml version="1.0" encoding="UTF-8"?>
<!-- Generated by org.testng.reporters.JUnitReportReporter -->
<testsuite hostname="MSI" failures="0" tests="2" name="com.qa.tests.GetAPItest" time="1.622" errors="0" timestamp="26 Jan 2025 16:04:16 GMT">
  <testcase classname="com.qa.tests.GetAPItest" name="getAPITestwithHeaders" time="1.204"/>
  <testcase classname="com.qa.tests.GetAPItest" name="getAPITestwithoutHeaders" time="0.418"/>
</testsuite> <!-- com.qa.tests.GetAPItest -->
