<?xml version="1.0" encoding="UTF-8"?>
<!-- Generated by org.testng.reporters.JUnitReportReporter -->
<testsuite hostname="MSI" failures="0" tests="2" name="com.qa.tests.GetAPItest" time="0.389" errors="0" timestamp="1 Feb 2025 12:56:09 GMT">
  <testcase classname="com.qa.tests.GetAPItest" name="getAPITestwithHeaders" time="0.274"/>
  <testcase classname="com.qa.tests.GetAPItest" name="getAPITestwithoutHeaders" time="0.115"/>
</testsuite> <!-- com.qa.tests.GetAPItest -->
