<?xml version="1.0" encoding="UTF-8"?>
<!-- Generated by org.testng.reporters.JUnitReportReporter -->
<testsuite hostname="MSI" failures="0" tests="1" name="com.qa.tests.GetAPItest" time="0.510" errors="0" timestamp="26 Jan 2025 14:28:04 GMT">
  <testcase classname="com.qa.tests.GetAPItest" name="getTest" time="0.510"/>
</testsuite> <!-- com.qa.tests.GetAPItest -->
